2025-04-28 18:37:24,456  root       run             INFO     

ELM327 OBD-II adapter emulator v3.0.3 started at TCP/IP network port 35000.

2025-04-28 18:37:24,472  root       accept_connection DEBUG    Waiting for connection at TCP/IP network port 35000.
2025-04-28 18:56:25,080  root       run             INFO     

ELM327 OBD-II adapter emulator v3.0.3 started at TCP/IP network port 35000.

2025-04-28 18:56:25,095  root       accept_connection DEBUG    Waiting for connection at TCP/IP network port 35000.
2025-04-28 22:08:02,663  root       run             INFO     

ELM327 OBD-II adapter emulator v3.0.3 started at TCP/IP network port 35000.

2025-04-28 22:08:02,679  root       accept_connection DEBUG    Waiting for connection at TCP/IP network port 35000.
2025-04-28 22:48:37,235  root       run             INFO     

ELM327 OBD-II adapter emulator v3.0.3 started at TCP/IP network port 35000.

2025-04-28 22:48:37,244  root       accept_connection DEBUG    Waiting for connection at TCP/IP network port 35000.
2025-04-28 23:12:03,332  root       run             INFO     

ELM327 OBD-II adapter emulator v3.0.3 started at TCP/IP network port 35000.

2025-04-28 23:12:03,349  root       accept_connection DEBUG    Waiting for connection at TCP/IP network port 35000.
2025-04-28 23:18:36,511  root       accept_connection DEBUG    Connected by ('192.168.0.121', 53438)
2025-04-28 23:18:36,518  root       read_from_device DEBUG    TCP/IP communication terminated by the client.
2025-04-28 23:18:36,519  root       reset           DEBUG    Resetting counters and sleeping for 0 seconds
2025-04-28 23:18:36,519  root       accept_connection DEBUG    Waiting for connection at TCP/IP network port 35000.
2025-04-28 23:23:13,341  root       accept_connection DEBUG    Connected by ('192.168.0.121', 53537)
2025-04-28 23:23:13,843  root       read_from_device DEBUG    TCP/IP communication terminated by the client.
2025-04-28 23:23:13,844  root       reset           DEBUG    Resetting counters and sleeping for 0 seconds
2025-04-28 23:23:13,845  root       accept_connection DEBUG    Waiting for connection at TCP/IP network port 35000.
2025-04-28 23:23:13,846  root       accept_connection DEBUG    Connected by ('192.168.0.121', 53538)
2025-04-28 23:23:14,349  root       read_from_device DEBUG    TCP/IP communication terminated by the client.
2025-04-28 23:23:14,349  root       reset           DEBUG    Resetting counters and sleeping for 0 seconds
2025-04-28 23:23:14,350  root       accept_connection DEBUG    Waiting for connection at TCP/IP network port 35000.
2025-04-28 23:23:19,354  root       accept_connection DEBUG    Connected by ('192.168.0.121', 53539)
2025-04-28 23:23:19,856  root       read_from_device DEBUG    TCP/IP communication terminated by the client.
2025-04-28 23:23:19,857  root       reset           DEBUG    Resetting counters and sleeping for 0 seconds
2025-04-28 23:23:19,857  root       accept_connection DEBUG    Waiting for connection at TCP/IP network port 35000.
2025-04-28 23:23:24,860  root       accept_connection DEBUG    Connected by ('192.168.0.121', 53540)
2025-04-28 23:23:25,362  root       read_from_device DEBUG    TCP/IP communication terminated by the client.
2025-04-28 23:23:25,362  root       reset           DEBUG    Resetting counters and sleeping for 0 seconds
2025-04-28 23:23:25,362  root       accept_connection DEBUG    Waiting for connection at TCP/IP network port 35000.
2025-04-28 23:23:26,954  root       accept_connection DEBUG    Connected by ('192.168.0.121', 53541)
2025-04-28 23:23:27,455  root       read_from_device DEBUG    TCP/IP communication terminated by the client.
2025-04-28 23:23:27,456  root       reset           DEBUG    Resetting counters and sleeping for 0 seconds
2025-04-28 23:23:27,456  root       accept_connection DEBUG    Waiting for connection at TCP/IP network port 35000.
2025-04-28 23:23:27,458  root       accept_connection DEBUG    Connected by ('192.168.0.121', 53542)
2025-04-28 23:23:27,959  root       read_from_device DEBUG    TCP/IP communication terminated by the client.
2025-04-28 23:23:27,960  root       reset           DEBUG    Resetting counters and sleeping for 0 seconds
2025-04-28 23:23:27,960  root       accept_connection DEBUG    Waiting for connection at TCP/IP network port 35000.
2025-04-28 23:23:47,282  root       terminate       DEBUG    Start termination procedure.
2025-04-28 23:23:48,384  root       terminate       DEBUG    Cannot close file descriptors.
2025-04-28 23:23:48,384  root       terminate       DEBUG    Terminated.
2025-04-28 23:23:57,381  root       run             INFO     

ELM327 OBD-II adapter emulator v3.0.3 started at TCP/IP network port 35000.

2025-04-28 23:23:57,389  root       accept_connection DEBUG    Waiting for connection at TCP/IP network port 35000.
2025-04-28 23:24:01,233  root       accept_connection DEBUG    Connected by ('192.168.0.121', 53544)
2025-04-28 23:24:01,735  root       read_from_device DEBUG    TCP/IP communication terminated by the client.
2025-04-28 23:24:01,736  root       reset           DEBUG    Resetting counters and sleeping for 0 seconds
2025-04-28 23:24:01,736  root       accept_connection DEBUG    Waiting for connection at TCP/IP network port 35000.
2025-04-28 23:24:01,737  root       accept_connection DEBUG    Connected by ('192.168.0.121', 53545)
2025-04-28 23:24:02,239  root       read_from_device DEBUG    TCP/IP communication terminated by the client.
2025-04-28 23:24:02,239  root       reset           DEBUG    Resetting counters and sleeping for 0 seconds
2025-04-28 23:24:02,239  root       accept_connection DEBUG    Waiting for connection at TCP/IP network port 35000.
2025-04-28 23:28:33,406  root       accept_connection DEBUG    Connected by ('192.168.0.121', 53680)
2025-04-28 23:28:58,240  root       read_from_device DEBUG    TCP/IP communication terminated by the client.
2025-04-28 23:28:58,241  root       reset           DEBUG    Resetting counters and sleeping for 0 seconds
2025-04-28 23:28:58,241  root       accept_connection DEBUG    Waiting for connection at TCP/IP network port 35000.
2025-04-28 23:28:58,695  root       accept_connection DEBUG    Connected by ('192.168.0.121', 53681)
2025-04-28 23:30:36,789  root       read_from_device DEBUG    TCP/IP communication terminated by the client.
2025-04-28 23:30:36,789  root       reset           DEBUG    Resetting counters and sleeping for 0 seconds
2025-04-28 23:30:36,789  root       accept_connection DEBUG    Waiting for connection at TCP/IP network port 35000.
2025-04-28 23:31:51,772  root       accept_connection DEBUG    Connected by ('192.168.0.121', 53794)
2025-04-28 23:33:23,261  root       read_from_device DEBUG    TCP/IP communication terminated by the client.
2025-04-28 23:33:23,262  root       reset           DEBUG    Resetting counters and sleeping for 0 seconds
2025-04-28 23:33:23,262  root       accept_connection DEBUG    Waiting for connection at TCP/IP network port 35000.
2025-04-28 23:33:23,903  root       accept_connection DEBUG    Connected by ('192.168.0.121', 53843)
2025-04-28 23:33:46,509  root       read_from_device DEBUG    TCP/IP communication terminated by the client.
2025-04-28 23:33:46,509  root       reset           DEBUG    Resetting counters and sleeping for 0 seconds
2025-04-28 23:33:46,524  root       accept_connection DEBUG    Waiting for connection at TCP/IP network port 35000.
2025-04-28 23:33:50,745  root       accept_connection DEBUG    Connected by ('192.168.0.121', 53869)
2025-04-28 23:39:20,661  root       read_from_device DEBUG    TCP/IP communication terminated by the client.
2025-04-28 23:39:20,662  root       reset           DEBUG    Resetting counters and sleeping for 0 seconds
2025-04-28 23:39:20,662  root       accept_connection DEBUG    Waiting for connection at TCP/IP network port 35000.
2025-04-28 23:39:21,307  root       accept_connection DEBUG    Connected by ('192.168.0.121', 54102)
2025-04-28 23:51:21,327  root       run             INFO     

ELM327 OBD-II adapter emulator v3.0.3 started at TCP/IP network port 35000.

2025-04-28 23:51:21,344  root       accept_connection DEBUG    Waiting for connection at TCP/IP network port 35000.
2025-04-28 23:51:41,272  root       accept_connection DEBUG    Connected by ('192.168.0.121', 55957)
2025-04-28 23:52:26,087  root       read_from_device DEBUG    TCP/IP communication terminated by the client.
2025-04-28 23:52:26,087  root       reset           DEBUG    Resetting counters and sleeping for 0 seconds
2025-04-28 23:52:26,088  root       accept_connection DEBUG    Waiting for connection at TCP/IP network port 35000.
2025-04-28 23:53:59,253  root       accept_connection DEBUG    Connected by ('192.168.0.121', 56000)
2025-04-28 23:56:00,659  root       read_from_device DEBUG    TCP/IP communication terminated by the client.
2025-04-28 23:56:00,659  root       reset           DEBUG    Resetting counters and sleeping for 0 seconds
2025-04-28 23:56:00,659  root       accept_connection DEBUG    Waiting for connection at TCP/IP network port 35000.
2025-04-28 23:57:01,561  root       accept_connection DEBUG    Connected by ('192.168.0.121', 56119)
2025-04-28 23:57:59,363  root       read_from_device DEBUG    TCP/IP communication terminated by the client.
2025-04-28 23:57:59,364  root       reset           DEBUG    Resetting counters and sleeping for 0 seconds
2025-04-28 23:57:59,364  root       accept_connection DEBUG    Waiting for connection at TCP/IP network port 35000.
2025-04-29 00:04:45,438  root       run             INFO     

ELM327 OBD-II adapter emulator v3.0.3 started at TCP/IP network port 35000.

2025-04-29 00:04:45,446  root       accept_connection DEBUG    Waiting for connection at TCP/IP network port 35000.
2025-04-29 00:04:56,599  root       accept_connection DEBUG    Connected by ('192.168.0.121', 56360)
2025-04-29 00:05:30,166  root       read_from_device DEBUG    TCP/IP communication terminated by the client.
2025-04-29 00:05:30,167  root       reset           DEBUG    Resetting counters and sleeping for 0 seconds
2025-04-29 00:05:30,168  root       accept_connection DEBUG    Waiting for connection at TCP/IP network port 35000.
2025-04-29 00:07:58,345  root       run             INFO     

ELM327 OBD-II adapter emulator v3.0.3 started at TCP/IP network port 35000.

2025-04-29 00:07:58,355  root       accept_connection DEBUG    Waiting for connection at TCP/IP network port 35000.
2025-04-29 00:08:04,838  root       accept_connection DEBUG    Connected by ('192.168.0.121', 56551)
2025-04-29 00:10:18,461  root       run             INFO     

ELM327 OBD-II adapter emulator v3.0.3 started at TCP/IP network port 35000.

2025-04-29 00:10:18,470  root       accept_connection DEBUG    Waiting for connection at TCP/IP network port 35000.
2025-04-29 00:10:41,011  root       accept_connection DEBUG    Connected by ('192.168.0.121', 56697)
2025-04-29 00:11:13,448  root       read_from_device DEBUG    TCP/IP communication terminated by the client.
2025-04-29 00:11:13,448  root       reset           DEBUG    Resetting counters and sleeping for 0 seconds
2025-04-29 00:11:13,448  root       accept_connection DEBUG    Waiting for connection at TCP/IP network port 35000.
2025-04-29 00:20:13,017  root       accept_connection DEBUG    Connected by ('192.168.0.121', 57040)
2025-04-29 00:20:42,084  root       read_from_device DEBUG    TCP/IP communication terminated by the client.
2025-04-29 00:20:42,084  root       reset           DEBUG    Resetting counters and sleeping for 0 seconds
2025-04-29 00:20:42,084  root       accept_connection DEBUG    Waiting for connection at TCP/IP network port 35000.
2025-04-29 00:22:25,706  root       accept_connection DEBUG    Connected by ('192.168.0.172', 44364)
2025-04-29 00:26:58,871  root       read_from_device DEBUG    TCP/IP communication terminated by the client.
2025-04-29 00:26:58,871  root       reset           DEBUG    Resetting counters and sleeping for 0 seconds
2025-04-29 00:26:58,871  root       accept_connection DEBUG    Waiting for connection at TCP/IP network port 35000.
2025-04-29 00:57:10,562  root       run             INFO     

ELM327 OBD-II adapter emulator v3.0.3 started at TCP/IP network port 35000.

2025-04-29 00:57:10,575  root       accept_connection DEBUG    Waiting for connection at TCP/IP network port 35000.
2025-04-29 00:57:41,782  root       accept_connection DEBUG    Connected by ('192.168.0.121', 57982)
2025-04-29 00:57:57,577  root       read_from_device DEBUG    TCP/IP communication terminated by the client.
2025-04-29 00:57:57,578  root       reset           DEBUG    Resetting counters and sleeping for 0 seconds
2025-04-29 00:57:57,579  root       accept_connection DEBUG    Waiting for connection at TCP/IP network port 35000.
2025-04-29 00:58:22,293  root       accept_connection DEBUG    Connected by ('192.168.0.121', 58224)
2025-04-29 01:10:42,089  root       run             INFO     

ELM327 OBD-II adapter emulator v3.0.3 started at TCP/IP network port 35000.

2025-04-29 01:10:42,098  root       accept_connection DEBUG    Waiting for connection at TCP/IP network port 35000.
2025-04-29 01:11:28,267  root       accept_connection DEBUG    Connected by ('192.168.0.121', 60085)
2025-04-29 01:15:45,025  root       read_from_device DEBUG    TCP/IP communication terminated by the client.
2025-04-29 01:15:45,025  root       reset           DEBUG    Resetting counters and sleeping for 0 seconds
2025-04-29 01:15:45,026  root       accept_connection DEBUG    Waiting for connection at TCP/IP network port 35000.
2025-04-29 01:16:06,459  root       accept_connection DEBUG    Connected by ('192.168.0.121', 60311)
2025-04-29 01:16:34,167  root       read_from_device DEBUG    TCP/IP communication terminated by the client.
2025-04-29 01:16:34,167  root       reset           DEBUG    Resetting counters and sleeping for 0 seconds
2025-04-29 01:16:34,167  root       accept_connection DEBUG    Waiting for connection at TCP/IP network port 35000.
2025-04-29 01:17:21,156  root       run             INFO     

ELM327 OBD-II adapter emulator v3.0.3 started at TCP/IP network port 35000.

2025-04-29 01:17:21,164  root       accept_connection DEBUG    Waiting for connection at TCP/IP network port 35000.
2025-04-29 01:18:21,501  root       accept_connection DEBUG    Connected by ('192.168.0.121', 60699)
2025-04-29 01:18:37,297  root       run             INFO     

ELM327 OBD-II adapter emulator v3.0.3 started at TCP/IP network port 35000.

2025-04-29 01:18:37,306  root       accept_connection DEBUG    Waiting for connection at TCP/IP network port 35000.
2025-04-29 01:18:43,517  root       accept_connection DEBUG    Connected by ('192.168.0.121', 60753)
2025-04-29 01:19:50,087  root       run             INFO     

ELM327 OBD-II adapter emulator v3.0.3 started at TCP/IP network port 35000.

2025-04-29 01:19:50,096  root       accept_connection DEBUG    Waiting for connection at TCP/IP network port 35000.
