2025-04-15 23:01:51,930 - StartupScript - INFO - Starting predictive analysis service...
2025-04-15 23:01:51,930 - StartupScript - INFO - Checking requirements...
2025-04-15 23:01:55,750 - StartupScript - ERROR - Error installing requirements: Command '['C:\\Users\\Liran\\AppData\\Local\\Programs\\Python\\Python36\\python.exe', '-m', 'pip', 'install', '-r', 'requirements.txt']' returned non-zero exit status 1.
2025-04-15 23:01:55,750 - StartupScript - ERROR - Failed to install requirements. Exiting...
2025-04-15 23:03:18,080 - StartupScript - INFO - Starting predictive analysis service...
2025-04-15 23:03:18,080 - StartupScript - INFO - Checking requirements...
2025-04-15 23:03:21,110 - StartupScript - ERROR - Error installing requirements: Command '['C:\\Users\\Liran\\AppData\\Local\\Programs\\Python\\Python36\\python.exe', '-m', 'pip', 'install', '-r', 'requirements.txt']' returned non-zero exit status 1.
2025-04-15 23:03:21,124 - StartupScript - ERROR - Failed to install requirements. Exiting...
2025-04-15 23:04:43,105 - StartupScript - INFO - Starting predictive analysis service...
2025-04-15 23:04:43,105 - StartupScript - INFO - Checking requirements...
2025-04-15 23:04:59,808 - StartupScript - ERROR - Error installing requirements: Command '['C:\\Users\\Liran\\AppData\\Local\\Programs\\Python\\Python36\\python.exe', '-m', 'pip', 'install', '-r', 'requirements.txt']' returned non-zero exit status 1.
2025-04-15 23:04:59,808 - StartupScript - ERROR - Failed to install requirements. Exiting...
2025-04-15 23:06:45,607 - StartupScript - INFO - Starting predictive analysis service...
2025-04-15 23:06:45,607 - StartupScript - INFO - Checking requirements...
2025-04-15 23:06:51,314 - StartupScript - ERROR - Error installing requirements: Command '['C:\\Users\\Liran\\AppData\\Local\\Programs\\Python\\Python36\\python.exe', '-m', 'pip', 'install', '-r', 'requirements.txt']' returned non-zero exit status 1.
2025-04-15 23:06:51,314 - StartupScript - ERROR - Failed to install requirements. Exiting...
2025-04-15 23:08:33,577 - StartupScript - INFO - Starting predictive analysis service...
2025-04-15 23:08:33,577 - StartupScript - INFO - Checking basic requirements...
2025-04-15 23:08:34,403 - StartupScript - INFO - Installed python-dotenv
2025-04-15 23:08:36,205 - StartupScript - INFO - Installed flask
2025-04-15 23:08:37,043 - StartupScript - INFO - Installed requests
2025-04-15 23:08:37,847 - StartupScript - INFO - Installed numpy
2025-04-15 23:08:37,847 - StartupScript - INFO - Installing all requirements...
2025-04-15 23:08:48,123 - StartupScript - INFO - Requirements installed successfully
2025-04-15 23:08:48,124 - StartupScript - INFO - Checking PostgreSQL connection...
2025-04-15 23:08:48,267 - StartupScript - INFO - psycopg2 is installed
2025-04-15 23:08:48,357 - Database - ERROR - Connection error: 
2025-04-15 23:08:48,358 - Database - ERROR - Database initialization error: 
2025-04-15 23:08:48,358 - StartupScript - WARNING - Failed to connect to PostgreSQL: 
2025-04-15 23:08:48,358 - StartupScript - INFO - Using SQLite mock database instead of PostgreSQL
2025-04-15 23:08:48,358 - StartupScript - INFO - Renamed database.py to database.py.bak.1744747728
2025-04-15 23:08:48,360 - StartupScript - INFO - Using mock database implementation
2025-04-15 23:08:48,419 - Database - ERROR - Connection error: 
2025-04-15 23:08:48,419 - Database - ERROR - Database initialization error: 
2025-04-15 23:08:48,419 - StartupScript - ERROR - Error starting service: 
2025-04-15 23:25:39,771 - StartupScript - INFO - Starting predictive analysis service...
2025-04-15 23:25:39,771 - StartupScript - INFO - Checking basic requirements...
2025-04-15 23:25:40,622 - StartupScript - INFO - Installed python-dotenv
2025-04-15 23:25:41,468 - StartupScript - INFO - Installed flask
2025-04-15 23:25:42,307 - StartupScript - INFO - Installed requests
2025-04-15 23:25:43,131 - StartupScript - INFO - Installed numpy
2025-04-15 23:25:43,132 - StartupScript - INFO - Installing all requirements...
2025-04-15 23:25:46,935 - StartupScript - ERROR - Error installing requirements: Command '['C:\\Users\\Liran\\AppData\\Local\\Programs\\Python\\Python36\\python.exe', '-m', 'pip', 'install', '-r', 'requirements.txt']' returned non-zero exit status 1.
2025-04-15 23:25:46,936 - StartupScript - WARNING - Couldn't install all requirements, will use minimal setup
2025-04-15 23:25:46,936 - StartupScript - INFO - Using SQLite mock database instead of PostgreSQL
2025-04-15 23:25:46,937 - StartupScript - INFO - Renamed database.py to database.py.bak.1744748746
2025-04-15 23:25:46,938 - StartupScript - INFO - Using mock database implementation
2025-04-15 23:25:46,951 - Database_Pure_Mock - INFO - Successfully initialized mock database at D:\auto_monitoring_system\MonitoringServer\src\modules\predictive_analysis\mock_data
2025-04-15 23:25:46,951 - StartupScript - INFO - Database connection successful and tables created
2025-04-15 23:25:46,951 - StartupScript - INFO - Starting API server...
2025-04-15 23:29:51,271 - StartupScript - INFO - Starting predictive analysis service...
2025-04-15 23:29:51,271 - StartupScript - INFO - Checking basic requirements...
2025-04-15 23:29:52,223 - StartupScript - INFO - Installed python-dotenv
2025-04-15 23:29:53,197 - StartupScript - INFO - Installed flask
2025-04-15 23:29:54,150 - StartupScript - INFO - Installed requests
2025-04-15 23:29:55,082 - StartupScript - INFO - Installed numpy
2025-04-15 23:29:55,082 - StartupScript - INFO - Installing all requirements...
2025-04-15 23:29:58,567 - StartupScript - ERROR - Error installing requirements: Command '['C:\\Users\\Liran\\AppData\\Local\\Programs\\Python\\Python36\\python.exe', '-m', 'pip', 'install', '-r', 'requirements.txt']' returned non-zero exit status 1.
2025-04-15 23:29:58,568 - StartupScript - INFO - Using pure file-based mock database
2025-04-15 23:29:58,568 - StartupScript - INFO - Renamed database.py to database.py.bak.1744748998
2025-04-15 23:29:58,570 - StartupScript - INFO - Copied pure Python mock database implementation to database.py
2025-04-15 23:29:58,611 - Database_Pure_Mock - INFO - Successfully initialized mock database at D:\auto_monitoring_system\MonitoringServer\src\modules\predictive_analysis\mock_data
2025-04-15 23:29:58,613 - Database_Pure_Mock - INFO - Added sample data to empty database
2025-04-15 23:29:58,613 - StartupScript - INFO - Added sample data if needed
2025-04-15 23:29:58,613 - StartupScript - INFO - Starting API server with pure Python database...
